<?xml version="1.0" encoding="UTF-8"?>
<robot generator="Robot 7.4.1 (Python 3.14.1 on win32)" generated="2026-01-02T15:06:47.464568" rpa="false" schemaversion="5">
<suite id="s1" name="Test1" source="C:\Users\User ACER\TestAutomationLab\test1.robot">
<test id="s1-t1" name="Scenario: Register Success" line="18">
<kw name="Open Browser To Registration Page">
<kw name="Evaluate" owner="BuiltIn">
<msg time="2026-01-02T15:06:47.978703" level="INFO">${chrome_options} = &lt;selenium.webdriver.chrome.options.Options object at 0x000001C1CB1C9400&gt;</msg>
<var>${chrome_options}</var>
<arg>sys.modules['selenium.webdriver'].ChromeOptions()</arg>
<arg>sys</arg>
<doc>Evaluates the given expression in Python and returns the result.</doc>
<status status="PASS" start="2026-01-02T15:06:47.977633" elapsed="0.001158"/>
</kw>
<kw name="Set Variable" owner="BuiltIn">
<msg time="2026-01-02T15:06:47.979652" level="INFO">${chrome_options.binary_location} = C:\Users\User ACER\TestAutomationLab\chrome-win64\chrome.exe</msg>
<var>${chrome_options.binary_location}</var>
<arg>${CHROME_BROWSER_PATH}</arg>
<doc>Returns the given values which can then be assigned to a variables.</doc>
<status status="PASS" start="2026-01-02T15:06:47.979081" elapsed="0.000633"/>
</kw>
<kw name="Evaluate" owner="BuiltIn">
<msg time="2026-01-02T15:06:47.980992" level="INFO">${service} = &lt;selenium.webdriver.chrome.service.Service object at 0x000001C1CB1C92B0&gt;</msg>
<var>${service}</var>
<arg>sys.modules["selenium.webdriver.chrome.service"].Service(executable_path=r"${CHROME_DRIVER_PATH}")</arg>
<doc>Evaluates the given expression in Python and returns the result.</doc>
<status status="PASS" start="2026-01-02T15:06:47.979908" elapsed="0.001145"/>
</kw>
<kw name="Create Webdriver" owner="SeleniumLibrary">
<msg time="2026-01-02T15:06:47.981651" level="INFO">Creating an instance of the Chrome WebDriver.</msg>
<arg>Chrome</arg>
<arg>options=${chrome_options}</arg>
<arg>service=${service}</arg>
<doc>Creates an instance of Selenium WebDriver.</doc>
<status status="PASS" start="2026-01-02T15:06:47.981256" elapsed="1.488537"/>
</kw>
<kw name="Go To" owner="SeleniumLibrary">
<msg time="2026-01-02T15:06:49.470843" level="INFO">Opening url 'http://localhost:7272/Lab4/Registration.html'</msg>
<arg>${URL}</arg>
<doc>Navigates the current browser window to the provided ``url``.</doc>
<status status="PASS" start="2026-01-02T15:06:49.470338" elapsed="0.213414"/>
</kw>
<status status="PASS" start="2026-01-02T15:06:47.976131" elapsed="1.708044"/>
</kw>
<kw name="Input Text" owner="SeleniumLibrary">
<msg time="2026-01-02T15:06:49.686190" level="INFO">Typing text 'Somyod' into text field 'id=firstname'.</msg>
<arg>id=firstname</arg>
<arg>Somyod</arg>
<doc>Types the given ``text`` into the text field identified by ``locator``.</doc>
<status status="PASS" start="2026-01-02T15:06:49.685071" elapsed="0.171538"/>
</kw>
<kw name="Input Text" owner="SeleniumLibrary">
<msg time="2026-01-02T15:06:49.857807" level="INFO">Typing text 'Sodsai' into text field 'id=lastname'.</msg>
<arg>id=lastname</arg>
<arg>Sodsai</arg>
<doc>Types the given ``text`` into the text field identified by ``locator``.</doc>
<status status="PASS" start="2026-01-02T15:06:49.857284" elapsed="0.131093"/>
</kw>
<kw name="Input Text" owner="SeleniumLibrary">
<msg time="2026-01-02T15:06:49.989710" level="INFO">Typing text 'CS KKU' into text field 'id=organization'.</msg>
<arg>id=organization</arg>
<arg>CS KKU</arg>
<doc>Types the given ``text`` into the text field identified by ``locator``.</doc>
<status status="PASS" start="2026-01-02T15:06:49.989080" elapsed="0.127632"/>
</kw>
<kw name="Input Text" owner="SeleniumLibrary">
<msg time="2026-01-02T15:06:50.118011" level="INFO">Typing text 'somyod@kkumail.com' into text field 'id=email'.</msg>
<arg>id=email</arg>
<arg>somyod@kkumail.com</arg>
<doc>Types the given ``text`` into the text field identified by ``locator``.</doc>
<status status="PASS" start="2026-01-02T15:06:50.117426" elapsed="0.139187"/>
</kw>
<kw name="Input Text" owner="SeleniumLibrary">
<msg time="2026-01-02T15:06:50.257836" level="INFO">Typing text '091-001-1234' into text field 'id=phone'.</msg>
<arg>id=phone</arg>
<arg>091-001-1234</arg>
<doc>Types the given ``text`` into the text field identified by ``locator``.</doc>
<status status="PASS" start="2026-01-02T15:06:50.257260" elapsed="0.127523"/>
</kw>
<kw name="Click Button" owner="SeleniumLibrary">
<msg time="2026-01-02T15:06:50.386046" level="INFO">Clicking button 'id=registerButton'.</msg>
<arg>id=registerButton</arg>
<doc>Clicks the button identified by ``locator``.</doc>
<status status="PASS" start="2026-01-02T15:06:50.385553" elapsed="0.145133"/>
</kw>
<kw name="Close Browser" owner="SeleniumLibrary" type="TEARDOWN">
<doc>Closes the current browser.</doc>
<status status="PASS" start="2026-01-02T15:06:50.531580" elapsed="2.395947"/>
</kw>
<status status="PASS" start="2026-01-02T15:06:47.974756" elapsed="4.953428"/>
</test>
<status status="PASS" start="2026-01-02T15:06:47.467969" elapsed="5.461863"/>
</suite>
<statistics>
<total>
<stat pass="1" fail="0" skip="0">All Tests</stat>
</total>
<tag>
</tag>
<suite>
<stat name="Test1" id="s1" pass="1" fail="0" skip="0">Test1</stat>
</suite>
</statistics>
<errors>
</errors>
</robot>
