<?xml version="1.0" encoding="UTF-8"?>
<robot generator="Robot 7.4.1 (Python 3.14.1 on win32)" generated="2026-01-02T20:03:08.548454" rpa="false" schemaversion="5">
<suite id="s1" name="Test6" source="C:\Users\User ACER\TestAutomationLab\test6.robot">
<test id="s1-t1" name="Scenario: Empty Email" line="20">
<kw name="Open Browser To Registration Page">
<kw name="Evaluate" owner="BuiltIn">
<msg time="2026-01-02T20:03:09.057714" level="INFO">${chrome_options} = &lt;selenium.webdriver.chrome.options.Options object at 0x000002830D659400&gt;</msg>
<var>${chrome_options}</var>
<arg>sys.modules['selenium.webdriver'].ChromeOptions()</arg>
<arg>sys</arg>
<doc>Evaluates the given expression in Python and returns the result.</doc>
<status status="PASS" start="2026-01-02T20:03:09.056724" elapsed="0.001075"/>
</kw>
<kw name="Set Variable" owner="BuiltIn">
<msg time="2026-01-02T20:03:09.058636" level="INFO">${chrome_options.binary_location} = C:\Users\User ACER\TestAutomationLab\chrome-win64\chrome.exe</msg>
<var>${chrome_options.binary_location}</var>
<arg>${CHROME_BROWSER_PATH}</arg>
<doc>Returns the given values which can then be assigned to a variables.</doc>
<status status="PASS" start="2026-01-02T20:03:09.058075" elapsed="0.000621"/>
</kw>
<kw name="Evaluate" owner="BuiltIn">
<msg time="2026-01-02T20:03:09.059973" level="INFO">${service} = &lt;selenium.webdriver.chrome.service.Service object at 0x000002830D6592B0&gt;</msg>
<var>${service}</var>
<arg>sys.modules["selenium.webdriver.chrome.service"].Service(executable_path=r"${CHROME_DRIVER_PATH}")</arg>
<doc>Evaluates the given expression in Python and returns the result.</doc>
<status status="PASS" start="2026-01-02T20:03:09.058883" elapsed="0.001150"/>
</kw>
<kw name="Create Webdriver" owner="SeleniumLibrary">
<msg time="2026-01-02T20:03:09.060623" level="INFO">Creating an instance of the Chrome WebDriver.</msg>
<arg>Chrome</arg>
<arg>options=${chrome_options}</arg>
<arg>service=${service}</arg>
<doc>Creates an instance of Selenium WebDriver.</doc>
<status status="PASS" start="2026-01-02T20:03:09.060237" elapsed="1.540068"/>
</kw>
<kw name="Go To" owner="SeleniumLibrary">
<msg time="2026-01-02T20:03:10.601540" level="INFO">Opening url 'http://localhost:7272/Lab4/Registration.html'</msg>
<arg>${URL}</arg>
<doc>Navigates the current browser window to the provided ``url``.</doc>
<status status="PASS" start="2026-01-02T20:03:10.600928" elapsed="0.220210"/>
</kw>
<status status="PASS" start="2026-01-02T20:03:09.055339" elapsed="1.766284"/>
</kw>
<kw name="Input Text" owner="SeleniumLibrary">
<msg time="2026-01-02T20:03:10.825892" level="INFO">Typing text 'Somyod' into text field 'id=firstname'.</msg>
<arg>id=firstname</arg>
<arg>Somyod</arg>
<doc>Types the given ``text`` into the text field identified by ``locator``.</doc>
<status status="PASS" start="2026-01-02T20:03:10.824258" elapsed="0.448132"/>
</kw>
<kw name="Input Text" owner="SeleniumLibrary">
<msg time="2026-01-02T20:03:11.273720" level="INFO">Typing text 'Sodsai' into text field 'id=lastname'.</msg>
<arg>id=lastname</arg>
<arg>Sodsai</arg>
<doc>Types the given ``text`` into the text field identified by ``locator``.</doc>
<status status="PASS" start="2026-01-02T20:03:11.273124" elapsed="0.126643"/>
</kw>
<kw name="Input Text" owner="SeleniumLibrary">
<msg time="2026-01-02T20:03:11.400923" level="INFO">Typing text 'CS KKU' into text field 'id=organization'.</msg>
<arg>id=organization</arg>
<arg>CS KKU</arg>
<doc>Types the given ``text`` into the text field identified by ``locator``.</doc>
<status status="PASS" start="2026-01-02T20:03:11.400387" elapsed="0.120063"/>
</kw>
<kw name="Input Text" owner="SeleniumLibrary">
<msg time="2026-01-02T20:03:11.521744" level="INFO">Typing text '091-001-1234' into text field 'id=phone'.</msg>
<arg>id=phone</arg>
<arg>091-001-1234</arg>
<doc>Types the given ``text`` into the text field identified by ``locator``.</doc>
<status status="PASS" start="2026-01-02T20:03:11.521134" elapsed="0.178541"/>
</kw>
<kw name="Click Button" owner="SeleniumLibrary">
<msg time="2026-01-02T20:03:11.700691" level="INFO">Clicking button 'id=registerButton'.</msg>
<arg>id=registerButton</arg>
<doc>Clicks the button identified by ``locator``.</doc>
<status status="PASS" start="2026-01-02T20:03:11.700260" elapsed="0.141911"/>
</kw>
<kw name="freeze">
<kw name="Sleep" owner="BuiltIn">
<msg time="2026-01-02T20:03:14.845154" level="INFO">Slept 3 seconds.</msg>
<arg>3s</arg>
<doc>Pauses the test executed for the given time.</doc>
<status status="PASS" start="2026-01-02T20:03:11.843622" elapsed="3.001856"/>
</kw>
<status status="PASS" start="2026-01-02T20:03:11.842922" elapsed="3.002853"/>
</kw>
<kw name="Close Browser" owner="SeleniumLibrary" type="TEARDOWN">
<doc>Closes the current browser.</doc>
<status status="PASS" start="2026-01-02T20:03:14.847942" elapsed="2.539524"/>
</kw>
<status status="PASS" start="2026-01-02T20:03:09.053593" elapsed="8.334371"/>
</test>
<status status="PASS" start="2026-01-02T20:03:08.554498" elapsed="8.834912"/>
</suite>
<statistics>
<total>
<stat pass="1" fail="0" skip="0">All Tests</stat>
</total>
<tag>
</tag>
<suite>
<stat name="Test6" id="s1" pass="1" fail="0" skip="0">Test6</stat>
</suite>
</statistics>
<errors>
</errors>
</robot>
