<?xml version="1.0" encoding="UTF-8"?>
<robot generator="Robot 7.4.1 (Python 3.14.1 on win32)" generated="2026-01-02T20:06:43.754055" rpa="false" schemaversion="5">
<suite id="s1" name="Test7" source="C:\Users\User ACER\TestAutomationLab\test7.robot">
<test id="s1-t1" name="Scenario: Empty Phone Number" line="20">
<kw name="Open Browser To Registration Page">
<kw name="Evaluate" owner="BuiltIn">
<msg time="2026-01-02T20:06:44.261737" level="INFO">${chrome_options} = &lt;selenium.webdriver.chrome.options.Options object at 0x000001FCF8B09400&gt;</msg>
<var>${chrome_options}</var>
<arg>sys.modules['selenium.webdriver'].ChromeOptions()</arg>
<arg>sys</arg>
<doc>Evaluates the given expression in Python and returns the result.</doc>
<status status="PASS" start="2026-01-02T20:06:44.260726" elapsed="0.001096"/>
</kw>
<kw name="Set Variable" owner="BuiltIn">
<msg time="2026-01-02T20:06:44.262696" level="INFO">${chrome_options.binary_location} = C:\Users\User ACER\TestAutomationLab\chrome-win64\chrome.exe</msg>
<var>${chrome_options.binary_location}</var>
<arg>${CHROME_BROWSER_PATH}</arg>
<doc>Returns the given values which can then be assigned to a variables.</doc>
<status status="PASS" start="2026-01-02T20:06:44.262098" elapsed="0.000673"/>
</kw>
<kw name="Evaluate" owner="BuiltIn">
<msg time="2026-01-02T20:06:44.264153" level="INFO">${service} = &lt;selenium.webdriver.chrome.service.Service object at 0x000001FCF8B092B0&gt;</msg>
<var>${service}</var>
<arg>sys.modules["selenium.webdriver.chrome.service"].Service(executable_path=r"${CHROME_DRIVER_PATH}")</arg>
<doc>Evaluates the given expression in Python and returns the result.</doc>
<status status="PASS" start="2026-01-02T20:06:44.262968" elapsed="0.001245"/>
</kw>
<kw name="Create Webdriver" owner="SeleniumLibrary">
<msg time="2026-01-02T20:06:44.264945" level="INFO">Creating an instance of the Chrome WebDriver.</msg>
<arg>Chrome</arg>
<arg>options=${chrome_options}</arg>
<arg>service=${service}</arg>
<doc>Creates an instance of Selenium WebDriver.</doc>
<status status="PASS" start="2026-01-02T20:06:44.264427" elapsed="1.515507"/>
</kw>
<kw name="Go To" owner="SeleniumLibrary">
<msg time="2026-01-02T20:06:45.780684" level="INFO">Opening url 'http://localhost:7272/Lab4/Registration.html'</msg>
<arg>${URL}</arg>
<doc>Navigates the current browser window to the provided ``url``.</doc>
<status status="PASS" start="2026-01-02T20:06:45.780316" elapsed="0.138535"/>
</kw>
<status status="PASS" start="2026-01-02T20:06:44.259322" elapsed="1.659880"/>
</kw>
<kw name="Input Text" owner="SeleniumLibrary">
<msg time="2026-01-02T20:06:45.921086" level="INFO">Typing text 'Somyod' into text field 'id=firstname'.</msg>
<arg>id=firstname</arg>
<arg>Somyod</arg>
<doc>Types the given ``text`` into the text field identified by ``locator``.</doc>
<status status="PASS" start="2026-01-02T20:06:45.919895" elapsed="0.537435"/>
</kw>
<kw name="Input Text" owner="SeleniumLibrary">
<msg time="2026-01-02T20:06:46.458578" level="INFO">Typing text 'Sodsai' into text field 'id=lastname'.</msg>
<arg>id=lastname</arg>
<arg>Sodsai</arg>
<doc>Types the given ``text`` into the text field identified by ``locator``.</doc>
<status status="PASS" start="2026-01-02T20:06:46.458047" elapsed="0.120265"/>
</kw>
<kw name="Input Text" owner="SeleniumLibrary">
<msg time="2026-01-02T20:06:46.579448" level="INFO">Typing text 'CS KKU' into text field 'id=organization'.</msg>
<arg>id=organization</arg>
<arg>CS KKU</arg>
<doc>Types the given ``text`` into the text field identified by ``locator``.</doc>
<status status="PASS" start="2026-01-02T20:06:46.578950" elapsed="0.167167"/>
</kw>
<kw name="Input Text" owner="SeleniumLibrary">
<msg time="2026-01-02T20:06:46.747412" level="INFO">Typing text 'somyod@kkumail.com' into text field 'id=email'.</msg>
<arg>id=email</arg>
<arg>somyod@kkumail.com</arg>
<doc>Types the given ``text`` into the text field identified by ``locator``.</doc>
<status status="PASS" start="2026-01-02T20:06:46.746853" elapsed="0.127203"/>
</kw>
<kw name="Click Button" owner="SeleniumLibrary">
<msg time="2026-01-02T20:06:46.875196" level="INFO">Clicking button 'id=registerButton'.</msg>
<arg>id=registerButton</arg>
<doc>Clicks the button identified by ``locator``.</doc>
<status status="PASS" start="2026-01-02T20:06:46.874697" elapsed="0.125423"/>
</kw>
<kw name="freeze">
<kw name="Sleep" owner="BuiltIn">
<msg time="2026-01-02T20:06:50.002967" level="INFO">Slept 3 seconds.</msg>
<arg>3s</arg>
<doc>Pauses the test executed for the given time.</doc>
<status status="PASS" start="2026-01-02T20:06:47.001480" elapsed="3.001829"/>
</kw>
<status status="PASS" start="2026-01-02T20:06:47.000857" elapsed="3.002802"/>
</kw>
<kw name="Close Browser" owner="SeleniumLibrary" type="TEARDOWN">
<doc>Closes the current browser.</doc>
<status status="PASS" start="2026-01-02T20:06:50.004483" elapsed="2.564843"/>
</kw>
<status status="PASS" start="2026-01-02T20:06:44.257863" elapsed="8.311973"/>
</test>
<status status="PASS" start="2026-01-02T20:06:43.758933" elapsed="8.812853"/>
</suite>
<statistics>
<total>
<stat pass="1" fail="0" skip="0">All Tests</stat>
</total>
<tag>
</tag>
<suite>
<stat name="Test7" id="s1" pass="1" fail="0" skip="0">Test7</stat>
</suite>
</statistics>
<errors>
</errors>
</robot>
